{"/home/ubuntu/workspace/libs/Chat/view.js":{"path":"/home/ubuntu/workspace/libs/Chat/view.js","s":{"1":1,"2":7,"3":8,"4":7,"5":7,"6":4,"7":1},"b":{"1":[7,2],"2":[8,5],"3":[4,3]},"f":{"1":7,"2":8,"3":7},"fnMap":{"1":{"name":"(anonymous_1)","line":33,"loc":{"start":{"line":33,"column":15},"end":{"line":33,"column":26}}},"2":{"name":"(anonymous_2)","line":43,"loc":{"start":{"line":43,"column":12},"end":{"line":43,"column":23}}},"3":{"name":"(anonymous_3)","line":51,"loc":{"start":{"line":51,"column":21},"end":{"line":51,"column":32}}}},"statementMap":{"1":{"start":{"line":5,"column":0},"end":{"line":58,"column":4}},"2":{"start":{"line":34,"column":3},"end":{"line":34,"column":66}},"3":{"start":{"line":44,"column":3},"end":{"line":44,"column":67}},"4":{"start":{"line":52,"column":3},"end":{"line":52,"column":22}},"5":{"start":{"line":54,"column":3},"end":{"line":56,"column":4}},"6":{"start":{"line":55,"column":4},"end":{"line":55,"column":72}},"7":{"start":{"line":60,"column":0},"end":{"line":60,"column":22}}},"branchMap":{"1":{"line":34,"type":"binary-expr","locations":[{"start":{"line":34,"column":18},"end":{"line":34,"column":56}},{"start":{"line":34,"column":60},"end":{"line":34,"column":65}}]},"2":{"line":44,"type":"binary-expr","locations":[{"start":{"line":44,"column":11},"end":{"line":44,"column":23}},{"start":{"line":44,"column":27},"end":{"line":44,"column":65}}]},"3":{"line":54,"type":"if","locations":[{"start":{"line":54,"column":3},"end":{"line":54,"column":3}},{"start":{"line":54,"column":3},"end":{"line":54,"column":3}}]}}}}