{"/home/ubuntu/workspace/libs/Chat/view.js":{"path":"/home/ubuntu/workspace/libs/Chat/view.js","s":{"1":1,"2":7,"3":8,"4":7,"5":7,"6":4,"7":1},"b":{"1":[7,2],"2":[8,5],"3":[4,3]},"f":{"1":7,"2":8,"3":7},"fnMap":{"1":{"name":"(anonymous_1)","line":23,"loc":{"start":{"line":23,"column":14},"end":{"line":23,"column":25}}},"2":{"name":"(anonymous_2)","line":27,"loc":{"start":{"line":27,"column":11},"end":{"line":27,"column":22}}},"3":{"name":"(anonymous_3)","line":31,"loc":{"start":{"line":31,"column":20},"end":{"line":31,"column":31}}}},"statementMap":{"1":{"start":{"line":5,"column":0},"end":{"line":38,"column":3}},"2":{"start":{"line":24,"column":2},"end":{"line":24,"column":65}},"3":{"start":{"line":28,"column":2},"end":{"line":28,"column":66}},"4":{"start":{"line":32,"column":2},"end":{"line":32,"column":21}},"5":{"start":{"line":34,"column":2},"end":{"line":36,"column":3}},"6":{"start":{"line":35,"column":3},"end":{"line":35,"column":71}},"7":{"start":{"line":40,"column":0},"end":{"line":40,"column":22}}},"branchMap":{"1":{"line":24,"type":"binary-expr","locations":[{"start":{"line":24,"column":17},"end":{"line":24,"column":55}},{"start":{"line":24,"column":59},"end":{"line":24,"column":64}}]},"2":{"line":28,"type":"binary-expr","locations":[{"start":{"line":28,"column":10},"end":{"line":28,"column":22}},{"start":{"line":28,"column":26},"end":{"line":28,"column":64}}]},"3":{"line":34,"type":"if","locations":[{"start":{"line":34,"column":2},"end":{"line":34,"column":2}},{"start":{"line":34,"column":2},"end":{"line":34,"column":2}}]}}}}